1600289338333	geckodriver	INFO	Listening on 127.0.0.1:60439
1600289486749	geckodriver	INFO	Listening on 127.0.0.1:60567
1600289486770	mozrunner::runner	INFO	Running command: "/usr/bin/firefox" "--marionette" "-foreground" "-no-remote" "-profile" "/tmp/rust_mozprofileYxTh3D"
Error: no DISPLAY environment variable specified
1600289612423	geckodriver	INFO	Listening on 127.0.0.1:60687
1600289612443	mozrunner::runner	INFO	Running command: "/usr/bin/firefox" "--marionette" "-foreground" "-no-remote" "-profile" "/tmp/rust_mozprofilenloIJM"
Error: no DISPLAY environment variable specified
1600289751303	geckodriver	INFO	Listening on 127.0.0.1:60856
1600289751324	mozrunner::runner	INFO	Running command: "/usr/bin/firefox" "--marionette" "-headless" "-foreground" "-no-remote" "-profile" "/tmp/rust_mozprofiledmxnX8"
*** You are running in headless mode.
Exiting due to channel error.

###!!! [Parent][MessageChannel] Error: (msgtype=0x390037,name=PContent::Msg_UpdateSharedData) Channel error: cannot send/recv

[Parent 29154, Main Thread] WARNING: FileDescriptorSet destroyed with unconsumed descriptors: file /build/firefox-jw5aie/firefox-80.0.1+build1/ipc/chromium/src/chrome/common/file_descriptor_set_posix.cc, line 19

###!!! [Parent][MessageChannel] Error: (msgtype=0x39005D,name=PContent::Msg_GMPsChanged) Channel error: cannot send/recv

Exiting due to channel error.

###!!! [Parent][MessageChannel] Error: (msgtype=0x39005D,name=PContent::Msg_GMPsChanged) Channel error: cannot send/recv

Exiting due to channel error.

###!!! [Parent][MessageChannel] Error: (msgtype=0x390025,name=PContent::Msg_PreferenceUpdate) Channel error: cannot send/recv


###!!! [Parent][MessageChannel] Error: (msgtype=0x390025,name=PContent::Msg_PreferenceUpdate) Channel error: cannot send/recv


###!!! [Parent][MessageChannel] Error: (msgtype=0x390037,name=PContent::Msg_UpdateSharedData) Channel error: cannot send/recv

[Parent 29154, Main Thread] WARNING: FileDescriptorSet destroyed with unconsumed descriptors: file /build/firefox-jw5aie/firefox-80.0.1+build1/ipc/chromium/src/chrome/common/file_descriptor_set_posix.cc, line 19

###!!! [Parent][MessageChannel] Error: (msgtype=0x390037,name=PContent::Msg_UpdateSharedData) Channel error: cannot send/recv

[Parent 29154, Main Thread] WARNING: FileDescriptorSet destroyed with unconsumed descriptors: file /build/firefox-jw5aie/firefox-80.0.1+build1/ipc/chromium/src/chrome/common/file_descriptor_set_posix.cc, line 19

###!!! [Parent][MessageChannel] Error: (msgtype=0x390037,name=PContent::Msg_UpdateSharedData) Channel error: cannot send/recv

[Parent 29154, Main Thread] WARNING: FileDescriptorSet destroyed with unconsumed descriptors: file /build/firefox-jw5aie/firefox-80.0.1+build1/ipc/chromium/src/chrome/common/file_descriptor_set_posix.cc, line 19

###!!! [Parent][MessageChannel] Error: (msgtype=0x390037,name=PContent::Msg_UpdateSharedData) Channel error: cannot send/recv

[Parent 29154, Main Thread] WARNING: FileDescriptorSet destroyed with unconsumed descriptors: file /build/firefox-jw5aie/firefox-80.0.1+build1/ipc/chromium/src/chrome/common/file_descriptor_set_posix.cc, line 19

###!!! [Parent][MessageChannel] Error: (msgtype=0x390037,name=PContent::Msg_UpdateSharedData) Channel error: cannot send/recv

[Parent 29154, Main Thread] WARNING: FileDescriptorSet destroyed with unconsumed descriptors: file /build/firefox-jw5aie/firefox-80.0.1+build1/ipc/chromium/src/chrome/common/file_descriptor_set_posix.cc, line 19

###!!! [Parent][MessageChannel] Error: (msgtype=0x390037,name=PContent::Msg_UpdateSharedData) Channel error: cannot send/recv

[Parent 29154, Main Thread] WARNING: FileDescriptorSet destroyed with unconsumed descriptors: file /build/firefox-jw5aie/firefox-80.0.1+build1/ipc/chromium/src/chrome/common/file_descriptor_set_posix.cc, line 19

###!!! [Parent][MessageChannel] Error: (msgtype=0x390037,name=PContent::Msg_UpdateSharedData) Channel error: cannot send/recv

[Parent 29154, Main Thread] WARNING: FileDescriptorSet destroyed with unconsumed descriptors: file /build/firefox-jw5aie/firefox-80.0.1+build1/ipc/chromium/src/chrome/common/file_descriptor_set_posix.cc, line 19

###!!! [Parent][MessageChannel] Error: (msgtype=0x390037,name=PContent::Msg_UpdateSharedData) Channel error: cannot send/recv

[Parent 29154, Main Thread] WARNING: FileDescriptorSet destroyed with unconsumed descriptors: file /build/firefox-jw5aie/firefox-80.0.1+build1/ipc/chromium/src/chrome/common/file_descriptor_set_posix.cc, line 19

###!!! [Parent][MessageChannel] Error: (msgtype=0x390025,name=PContent::Msg_PreferenceUpdate) Channel error: cannot send/recv


###!!! [Parent][MessageChannel] Error: (msgtype=0x390025,name=PContent::Msg_PreferenceUpdate) Channel error: cannot send/recv


###!!! [Parent][MessageChannel] Error: (msgtype=0x390025,name=PContent::Msg_PreferenceUpdate) Channel error: cannot send/recv


###!!! [Parent][MessageChannel] Error: (msgtype=0x390025,name=PContent::Msg_PreferenceUpdate) Channel error: cannot send/recv


###!!! [Parent][MessageChannel] Error: (msgtype=0x390025,name=PContent::Msg_PreferenceUpdate) Channel error: cannot send/recv


###!!! [Parent][MessageChannel] Error: (msgtype=0x390025,name=PContent::Msg_PreferenceUpdate) Channel error: cannot send/recv


###!!! [Parent][MessageChannel] Error: (msgtype=0x390025,name=PContent::Msg_PreferenceUpdate) Channel error: cannot send/recv


###!!! [Parent][MessageChannel] Error: (msgtype=0x390025,name=PContent::Msg_PreferenceUpdate) Channel error: cannot send/recv


###!!! [Parent][MessageChannel] Error: (msgtype=0x390025,name=PContent::Msg_PreferenceUpdate) Channel error: cannot send/recv


###!!! [Parent][MessageChannel] Error: (msgtype=0x390025,name=PContent::Msg_PreferenceUpdate) Channel error: cannot send/recv


###!!! [Parent][MessageChannel] Error: (msgtype=0x390025,name=PContent::Msg_PreferenceUpdate) Channel error: cannot send/recv


###!!! [Parent][MessageChannel] Error: (msgtype=0x390025,name=PContent::Msg_PreferenceUpdate) Channel error: cannot send/recv


###!!! [Parent][MessageChannel] Error: (msgtype=0x390025,name=PContent::Msg_PreferenceUpdate) Channel error: cannot send/recv


###!!! [Parent][MessageChannel] Error: (msgtype=0x390025,name=PContent::Msg_PreferenceUpdate) Channel error: cannot send/recv


###!!! [Parent][MessageChannel] Error: (msgtype=0x390025,name=PContent::Msg_PreferenceUpdate) Channel error: cannot send/recv


###!!! [Parent][MessageChannel] Error: (msgtype=0x390025,name=PContent::Msg_PreferenceUpdate) Channel error: cannot send/recv


###!!! [Parent][MessageChannel] Error: (msgtype=0x390025,name=PContent::Msg_PreferenceUpdate) Channel error: cannot send/recv


###!!! [Parent][MessageChannel] Error: (msgtype=0x390025,name=PContent::Msg_PreferenceUpdate) Channel error: cannot send/recv


###!!! [Parent][MessageChannel] Error: (msgtype=0x390025,name=PContent::Msg_PreferenceUpdate) Channel error: cannot send/recv


###!!! [Parent][MessageChannel] Error: (msgtype=0x390025,name=PContent::Msg_PreferenceUpdate) Channel error: cannot send/recv


###!!! [Parent][MessageChannel] Error: (msgtype=0x390025,name=PContent::Msg_PreferenceUpdate) Channel error: cannot send/recv


###!!! [Parent][MessageChannel] Error: (msgtype=0x390025,name=PContent::Msg_PreferenceUpdate) Channel error: cannot send/recv


###!!! [Parent][MessageChannel] Error: (msgtype=0x210054,name=PBrowser::Msg_UpdateEffects) Channel error: cannot send/recv

A content process crashed and MOZ_CRASHREPORTER_SHUTDOWN is set, shutting down

###!!! [Parent][MessageChannel] Error: (msgtype=0x21004D,name=PBrowser::Msg_FlushTabState) Channel error: cannot send/recv


###!!! [Parent][MessageChannel] Error: (msgtype=0x210001,name=PBrowser::Msg_AsyncMessage) Channel error: cannot send/recv


###!!! [Parent][MessageChannel] Error: (msgtype=0x39013A,name=PContent::Msg_AsyncMessage) Channel error: cannot send/recv


###!!! [Parent][MessageChannel] Error: (msgtype=0x39013A,name=PContent::Msg_AsyncMessage) Channel error: cannot send/recv


###!!! [Parent][MessageChannel] Error: (msgtype=0x39013A,name=PContent::Msg_AsyncMessage) Channel error: cannot send/recv


###!!! [Parent][MessageChannel] Error: (msgtype=0x39013A,name=PContent::Msg_AsyncMessage) Channel error: cannot send/recv


###!!! [Parent][MessageChannel] Error: (msgtype=0x39013A,name=PContent::Msg_AsyncMessage) Channel error: cannot send/recv


###!!! [Parent][MessageChannel] Error: (msgtype=0x39013A,name=PContent::Msg_AsyncMessage) Channel error: cannot send/recv


###!!! [Parent][MessageChannel] Error: (msgtype=0x39013A,name=PContent::Msg_AsyncMessage) Channel error: cannot send/recv


###!!! [Parent][MessageChannel] Error: (msgtype=0x39013A,name=PContent::Msg_AsyncMessage) Channel error: cannot send/recv


###!!! [Parent][MessageChannel] Error: (msgtype=0x39013A,name=PContent::Msg_AsyncMessage) Channel error: cannot send/recv


###!!! [Parent][MessageChannel] Error: (msgtype=0x39001D,name=PContent::Msg_RegisterChromeItem) Channel error: cannot send/recv


###!!! [Parent][MessageChannel] Error: (msgtype=0x39013A,name=PContent::Msg_AsyncMessage) Channel error: cannot send/recv

[Parent 29154, Main Thread] WARNING: FileDescriptorSet destroyed with unconsumed descriptors: file /build/firefox-jw5aie/firefox-80.0.1+build1/ipc/chromium/src/chrome/common/file_descriptor_set_posix.cc, line 19
[Parent 29154, Main Thread] WARNING: FileDescriptorSet destroyed with unconsumed descriptors: file /build/firefox-jw5aie/firefox-80.0.1+build1/ipc/chromium/src/chrome/common/file_descriptor_set_posix.cc, line 19
[Parent 29154, Main Thread] WARNING: FileDescriptorSet destroyed with unconsumed descriptors: file /build/firefox-jw5aie/firefox-80.0.1+build1/ipc/chromium/src/chrome/common/file_descriptor_set_posix.cc, line 19
A content process crashed and MOZ_CRASHREPORTER_SHUTDOWN is set, shutting down
console.error: SearchCache: "_readCacheFile: Error reading cache file:" (new Error("", "(unknown module)"))
Exiting due to channel error.
A content process crashed and MOZ_CRASHREPORTER_SHUTDOWN is set, shutting down
console.error: Region.jsm: "Error fetching region" (new TypeError("NetworkError when attempting to fetch resource.", "resource://gre/modules/Region.jsm", 672))
console.error: Region.jsm: "Failed to fetch region" (new Error("NO_RESULT", "resource://gre/modules/Region.jsm", 343))
console.log: "RemoteSettingsWorker error: Error: Can't import when we've started shutting down."
console.log: "RemoteSettingsWorker error: Error: Can't import when we've started shutting down."
console.error: "Could not load engine google@search.mozilla.org: [Exception... \"AddonManager is not initialized\"  nsresult: \"0xc1f30001 (NS_ERROR_NOT_INITIALIZED)\"  location: \"JS frame :: resource://gre/modules/AddonManager.jsm :: installBuiltinAddon :: line 2529\"  data: no]"
console.error: "Could not load engine amazondotcom@search.mozilla.org: [Exception... \"AddonManager is not initialized\"  nsresult: \"0xc1f30001 (NS_ERROR_NOT_INITIALIZED)\"  location: \"JS frame :: resource://gre/modules/AddonManager.jsm :: installBuiltinAddon :: line 2529\"  data: no]"
console.error: "Could not load engine ddg@search.mozilla.org: [Exception... \"AddonManager is not initialized\"  nsresult: \"0xc1f30001 (NS_ERROR_NOT_INITIALIZED)\"  location: \"JS frame :: resource://gre/modules/AddonManager.jsm :: installBuiltinAddon :: line 2529\"  data: no]"
console.error: "Could not load engine bing@search.mozilla.org: [Exception... \"AddonManager is not initialized\"  nsresult: \"0xc1f30001 (NS_ERROR_NOT_INITIALIZED)\"  location: \"JS frame :: resource://gre/modules/AddonManager.jsm :: installBuiltinAddon :: line 2529\"  data: no]"
console.error: "Could not load engine wikipedia@search.mozilla.org: [Exception... \"AddonManager is not initialized\"  nsresult: \"0xc1f30001 (NS_ERROR_NOT_INITIALIZED)\"  location: \"JS frame :: resource://gre/modules/AddonManager.jsm :: installBuiltinAddon :: line 2529\"  data: no]"
console.warn: SearchService: "_init: abandoning init due to shutting down"
JavaScript error: resource://gre/modules/AsyncShutdown.jsm, line 554: uncaught exception: 2147500036
1600289829376	geckodriver	INFO	Listening on 127.0.0.1:60962
1600289829394	mozrunner::runner	INFO	Running command: "/usr/bin/firefox" "--marionette" "-headless" "-foreground" "-no-remote" "-profile" "/tmp/rust_mozprofilekxD1gl"
*** You are running in headless mode.
Exiting due to channel error.

###!!! [Parent][MessageChannel] Error: (msgtype=0x390037,name=PContent::Msg_UpdateSharedData) Channel error: cannot send/recv

[Parent 29413, Main Thread] WARNING: FileDescriptorSet destroyed with unconsumed descriptors: file /build/firefox-jw5aie/firefox-80.0.1+build1/ipc/chromium/src/chrome/common/file_descriptor_set_posix.cc, line 19

###!!! [Parent][MessageChannel] Error: (msgtype=0x39005D,name=PContent::Msg_GMPsChanged) Channel error: cannot send/recv

Exiting due to channel error.

###!!! [Parent][MessageChannel] Error: (msgtype=0x39005D,name=PContent::Msg_GMPsChanged) Channel error: cannot send/recv

Exiting due to channel error.

###!!! [Parent][MessageChannel] Error: (msgtype=0x390025,name=PContent::Msg_PreferenceUpdate) Channel error: cannot send/recv


###!!! [Parent][MessageChannel] Error: (msgtype=0x390025,name=PContent::Msg_PreferenceUpdate) Channel error: cannot send/recv


###!!! [Parent][MessageChannel] Error: (msgtype=0x390037,name=PContent::Msg_UpdateSharedData) Channel error: cannot send/recv

[Parent 29413, Main Thread] WARNING: FileDescriptorSet destroyed with unconsumed descriptors: file /build/firefox-jw5aie/firefox-80.0.1+build1/ipc/chromium/src/chrome/common/file_descriptor_set_posix.cc, line 19

###!!! [Parent][MessageChannel] Error: (msgtype=0x390037,name=PContent::Msg_UpdateSharedData) Channel error: cannot send/recv

[Parent 29413, Main Thread] WARNING: FileDescriptorSet destroyed with unconsumed descriptors: file /build/firefox-jw5aie/firefox-80.0.1+build1/ipc/chromium/src/chrome/common/file_descriptor_set_posix.cc, line 19

###!!! [Parent][MessageChannel] Error: (msgtype=0x390037,name=PContent::Msg_UpdateSharedData) Channel error: cannot send/recv

[Parent 29413, Main Thread] WARNING: FileDescriptorSet destroyed with unconsumed descriptors: file /build/firefox-jw5aie/firefox-80.0.1+build1/ipc/chromium/src/chrome/common/file_descriptor_set_posix.cc, line 19

###!!! [Parent][MessageChannel] Error: (msgtype=0x390037,name=PContent::Msg_UpdateSharedData) Channel error: cannot send/recv

[Parent 29413, Main Thread] WARNING: FileDescriptorSet destroyed with unconsumed descriptors: file /build/firefox-jw5aie/firefox-80.0.1+build1/ipc/chromium/src/chrome/common/file_descriptor_set_posix.cc, line 19

###!!! [Parent][MessageChannel] Error: (msgtype=0x390037,name=PContent::Msg_UpdateSharedData) Channel error: cannot send/recv

[Parent 29413, Main Thread] WARNING: FileDescriptorSet destroyed with unconsumed descriptors: file /build/firefox-jw5aie/firefox-80.0.1+build1/ipc/chromium/src/chrome/common/file_descriptor_set_posix.cc, line 19

###!!! [Parent][MessageChannel] Error: (msgtype=0x390037,name=PContent::Msg_UpdateSharedData) Channel error: cannot send/recv

[Parent 29413, Main Thread] WARNING: FileDescriptorSet destroyed with unconsumed descriptors: file /build/firefox-jw5aie/firefox-80.0.1+build1/ipc/chromium/src/chrome/common/file_descriptor_set_posix.cc, line 19

###!!! [Parent][MessageChannel] Error: (msgtype=0x390037,name=PContent::Msg_UpdateSharedData) Channel error: cannot send/recv

[Parent 29413, Main Thread] WARNING: FileDescriptorSet destroyed with unconsumed descriptors: file /build/firefox-jw5aie/firefox-80.0.1+build1/ipc/chromium/src/chrome/common/file_descriptor_set_posix.cc, line 19

###!!! [Parent][MessageChannel] Error: (msgtype=0x390037,name=PContent::Msg_UpdateSharedData) Channel error: cannot send/recv

[Parent 29413, Main Thread] WARNING: FileDescriptorSet destroyed with unconsumed descriptors: file /build/firefox-jw5aie/firefox-80.0.1+build1/ipc/chromium/src/chrome/common/file_descriptor_set_posix.cc, line 19

###!!! [Parent][MessageChannel] Error: (msgtype=0x390025,name=PContent::Msg_PreferenceUpdate) Channel error: cannot send/recv


###!!! [Parent][MessageChannel] Error: (msgtype=0x390025,name=PContent::Msg_PreferenceUpdate) Channel error: cannot send/recv


###!!! [Parent][MessageChannel] Error: (msgtype=0x390025,name=PContent::Msg_PreferenceUpdate) Channel error: cannot send/recv


###!!! [Parent][MessageChannel] Error: (msgtype=0x390025,name=PContent::Msg_PreferenceUpdate) Channel error: cannot send/recv


###!!! [Parent][MessageChannel] Error: (msgtype=0x390025,name=PContent::Msg_PreferenceUpdate) Channel error: cannot send/recv


###!!! [Parent][MessageChannel] Error: (msgtype=0x390025,name=PContent::Msg_PreferenceUpdate) Channel error: cannot send/recv


###!!! [Parent][MessageChannel] Error: (msgtype=0x390025,name=PContent::Msg_PreferenceUpdate) Channel error: cannot send/recv


###!!! [Parent][MessageChannel] Error: (msgtype=0x390025,name=PContent::Msg_PreferenceUpdate) Channel error: cannot send/recv


###!!! [Parent][MessageChannel] Error: (msgtype=0x390025,name=PContent::Msg_PreferenceUpdate) Channel error: cannot send/recv


###!!! [Parent][MessageChannel] Error: (msgtype=0x390025,name=PContent::Msg_PreferenceUpdate) Channel error: cannot send/recv


###!!! [Parent][MessageChannel] Error: (msgtype=0x390025,name=PContent::Msg_PreferenceUpdate) Channel error: cannot send/recv


###!!! [Parent][MessageChannel] Error: (msgtype=0x390025,name=PContent::Msg_PreferenceUpdate) Channel error: cannot send/recv


###!!! [Parent][MessageChannel] Error: (msgtype=0x390025,name=PContent::Msg_PreferenceUpdate) Channel error: cannot send/recv


###!!! [Parent][MessageChannel] Error: (msgtype=0x390025,name=PContent::Msg_PreferenceUpdate) Channel error: cannot send/recv


###!!! [Parent][MessageChannel] Error: (msgtype=0x390025,name=PContent::Msg_PreferenceUpdate) Channel error: cannot send/recv


###!!! [Parent][MessageChannel] Error: (msgtype=0x390025,name=PContent::Msg_PreferenceUpdate) Channel error: cannot send/recv


###!!! [Parent][MessageChannel] Error: (msgtype=0x390025,name=PContent::Msg_PreferenceUpdate) Channel error: cannot send/recv


###!!! [Parent][MessageChannel] Error: (msgtype=0x390025,name=PContent::Msg_PreferenceUpdate) Channel error: cannot send/recv


###!!! [Parent][MessageChannel] Error: (msgtype=0x390025,name=PContent::Msg_PreferenceUpdate) Channel error: cannot send/recv


###!!! [Parent][MessageChannel] Error: (msgtype=0x390025,name=PContent::Msg_PreferenceUpdate) Channel error: cannot send/recv


###!!! [Parent][MessageChannel] Error: (msgtype=0x390025,name=PContent::Msg_PreferenceUpdate) Channel error: cannot send/recv


###!!! [Parent][MessageChannel] Error: (msgtype=0x390025,name=PContent::Msg_PreferenceUpdate) Channel error: cannot send/recv


###!!! [Parent][MessageChannel] Error: (msgtype=0x210054,name=PBrowser::Msg_UpdateEffects) Channel error: cannot send/recv

A content process crashed and MOZ_CRASHREPORTER_SHUTDOWN is set, shutting down

###!!! [Parent][MessageChannel] Error: (msgtype=0x21004D,name=PBrowser::Msg_FlushTabState) Channel error: cannot send/recv


###!!! [Parent][MessageChannel] Error: (msgtype=0x210001,name=PBrowser::Msg_AsyncMessage) Channel error: cannot send/recv


###!!! [Parent][MessageChannel] Error: (msgtype=0x39013A,name=PContent::Msg_AsyncMessage) Channel error: cannot send/recv


###!!! [Parent][MessageChannel] Error: (msgtype=0x39013A,name=PContent::Msg_AsyncMessage) Channel error: cannot send/recv


###!!! [Parent][MessageChannel] Error: (msgtype=0x39013A,name=PContent::Msg_AsyncMessage) Channel error: cannot send/recv


###!!! [Parent][MessageChannel] Error: (msgtype=0x39013A,name=PContent::Msg_AsyncMessage) Channel error: cannot send/recv


###!!! [Parent][MessageChannel] Error: (msgtype=0x39013A,name=PContent::Msg_AsyncMessage) Channel error: cannot send/recv


###!!! [Parent][MessageChannel] Error: (msgtype=0x39013A,name=PContent::Msg_AsyncMessage) Channel error: cannot send/recv


###!!! [Parent][MessageChannel] Error: (msgtype=0x39013A,name=PContent::Msg_AsyncMessage) Channel error: cannot send/recv


###!!! [Parent][MessageChannel] Error: (msgtype=0x39013A,name=PContent::Msg_AsyncMessage) Channel error: cannot send/recv


###!!! [Parent][MessageChannel] Error: (msgtype=0x39013A,name=PContent::Msg_AsyncMessage) Channel error: cannot send/recv


###!!! [Parent][MessageChannel] Error: (msgtype=0x39001D,name=PContent::Msg_RegisterChromeItem) Channel error: cannot send/recv


###!!! [Parent][MessageChannel] Error: (msgtype=0x39013A,name=PContent::Msg_AsyncMessage) Channel error: cannot send/recv

[Parent 29413, Main Thread] WARNING: FileDescriptorSet destroyed with unconsumed descriptors: file /build/firefox-jw5aie/firefox-80.0.1+build1/ipc/chromium/src/chrome/common/file_descriptor_set_posix.cc, line 19
[Parent 29413, Main Thread] WARNING: FileDescriptorSet destroyed with unconsumed descriptors: file /build/firefox-jw5aie/firefox-80.0.1+build1/ipc/chromium/src/chrome/common/file_descriptor_set_posix.cc, line 19
[Parent 29413, Main Thread] WARNING: FileDescriptorSet destroyed with unconsumed descriptors: file /build/firefox-jw5aie/firefox-80.0.1+build1/ipc/chromium/src/chrome/common/file_descriptor_set_posix.cc, line 19
A content process crashed and MOZ_CRASHREPORTER_SHUTDOWN is set, shutting down
console.error: SearchCache: "_readCacheFile: Error reading cache file:" (new Error("", "(unknown module)"))
Exiting due to channel error.
A content process crashed and MOZ_CRASHREPORTER_SHUTDOWN is set, shutting down
console.error: Region.jsm: "Error fetching region" (new TypeError("NetworkError when attempting to fetch resource.", "resource://gre/modules/Region.jsm", 672))
console.error: Region.jsm: "Failed to fetch region" (new Error("NO_RESULT", "resource://gre/modules/Region.jsm", 343))
console.log: "RemoteSettingsWorker error: Error: Can't import when we've started shutting down."
console.log: "RemoteSettingsWorker error: Error: Can't import when we've started shutting down."
console.error: "Could not load engine google@search.mozilla.org: [Exception... \"AddonManager is not initialized\"  nsresult: \"0xc1f30001 (NS_ERROR_NOT_INITIALIZED)\"  location: \"JS frame :: resource://gre/modules/AddonManager.jsm :: installBuiltinAddon :: line 2529\"  data: no]"
console.error: "Could not load engine amazondotcom@search.mozilla.org: [Exception... \"AddonManager is not initialized\"  nsresult: \"0xc1f30001 (NS_ERROR_NOT_INITIALIZED)\"  location: \"JS frame :: resource://gre/modules/AddonManager.jsm :: installBuiltinAddon :: line 2529\"  data: no]"
console.error: "Could not load engine ddg@search.mozilla.org: [Exception... \"AddonManager is not initialized\"  nsresult: \"0xc1f30001 (NS_ERROR_NOT_INITIALIZED)\"  location: \"JS frame :: resource://gre/modules/AddonManager.jsm :: installBuiltinAddon :: line 2529\"  data: no]"
console.error: "Could not load engine bing@search.mozilla.org: [Exception... \"AddonManager is not initialized\"  nsresult: \"0xc1f30001 (NS_ERROR_NOT_INITIALIZED)\"  location: \"JS frame :: resource://gre/modules/AddonManager.jsm :: installBuiltinAddon :: line 2529\"  data: no]"
console.error: "Could not load engine wikipedia@search.mozilla.org: [Exception... \"AddonManager is not initialized\"  nsresult: \"0xc1f30001 (NS_ERROR_NOT_INITIALIZED)\"  location: \"JS frame :: resource://gre/modules/AddonManager.jsm :: installBuiltinAddon :: line 2529\"  data: no]"
console.warn: SearchService: "_init: abandoning init due to shutting down"
JavaScript error: resource://gre/modules/AsyncShutdown.jsm, line 554: uncaught exception: 2147500036
1600289931775	geckodriver	INFO	Listening on 127.0.0.1:61089
1600289931791	mozrunner::runner	INFO	Running command: "/usr/bin/firefox" "--marionette" "-headless" "-foreground" "-no-remote" "-profile" "/tmp/rust_mozprofileGhhmRI"
*** You are running in headless mode.
Exiting due to channel error.

###!!! [Parent][MessageChannel] Error: (msgtype=0x390037,name=PContent::Msg_UpdateSharedData) Channel error: cannot send/recv

[Parent 29937, Main Thread] WARNING: FileDescriptorSet destroyed with unconsumed descriptors: file /build/firefox-jw5aie/firefox-80.0.1+build1/ipc/chromium/src/chrome/common/file_descriptor_set_posix.cc, line 19

###!!! [Parent][MessageChannel] Error: (msgtype=0x39005D,name=PContent::Msg_GMPsChanged) Channel error: cannot send/recv

Exiting due to channel error.

###!!! [Parent][MessageChannel] Error: (msgtype=0x39005D,name=PContent::Msg_GMPsChanged) Channel error: cannot send/recv

Exiting due to channel error.

###!!! [Parent][MessageChannel] Error: (msgtype=0x390025,name=PContent::Msg_PreferenceUpdate) Channel error: cannot send/recv


###!!! [Parent][MessageChannel] Error: (msgtype=0x390025,name=PContent::Msg_PreferenceUpdate) Channel error: cannot send/recv


###!!! [Parent][MessageChannel] Error: (msgtype=0x390037,name=PContent::Msg_UpdateSharedData) Channel error: cannot send/recv

[Parent 29937, Main Thread] WARNING: FileDescriptorSet destroyed with unconsumed descriptors: file /build/firefox-jw5aie/firefox-80.0.1+build1/ipc/chromium/src/chrome/common/file_descriptor_set_posix.cc, line 19

###!!! [Parent][MessageChannel] Error: (msgtype=0x390037,name=PContent::Msg_UpdateSharedData) Channel error: cannot send/recv

[Parent 29937, Main Thread] WARNING: FileDescriptorSet destroyed with unconsumed descriptors: file /build/firefox-jw5aie/firefox-80.0.1+build1/ipc/chromium/src/chrome/common/file_descriptor_set_posix.cc, line 19

###!!! [Parent][MessageChannel] Error: (msgtype=0x390037,name=PContent::Msg_UpdateSharedData) Channel error: cannot send/recv

[Parent 29937, Main Thread] WARNING: FileDescriptorSet destroyed with unconsumed descriptors: file /build/firefox-jw5aie/firefox-80.0.1+build1/ipc/chromium/src/chrome/common/file_descriptor_set_posix.cc, line 19

###!!! [Parent][MessageChannel] Error: (msgtype=0x390037,name=PContent::Msg_UpdateSharedData) Channel error: cannot send/recv

[Parent 29937, Main Thread] WARNING: FileDescriptorSet destroyed with unconsumed descriptors: file /build/firefox-jw5aie/firefox-80.0.1+build1/ipc/chromium/src/chrome/common/file_descriptor_set_posix.cc, line 19

###!!! [Parent][MessageChannel] Error: (msgtype=0x390037,name=PContent::Msg_UpdateSharedData) Channel error: cannot send/recv

[Parent 29937, Main Thread] WARNING: FileDescriptorSet destroyed with unconsumed descriptors: file /build/firefox-jw5aie/firefox-80.0.1+build1/ipc/chromium/src/chrome/common/file_descriptor_set_posix.cc, line 19

###!!! [Parent][MessageChannel] Error: (msgtype=0x390037,name=PContent::Msg_UpdateSharedData) Channel error: cannot send/recv

[Parent 29937, Main Thread] WARNING: FileDescriptorSet destroyed with unconsumed descriptors: file /build/firefox-jw5aie/firefox-80.0.1+build1/ipc/chromium/src/chrome/common/file_descriptor_set_posix.cc, line 19

###!!! [Parent][MessageChannel] Error: (msgtype=0x390037,name=PContent::Msg_UpdateSharedData) Channel error: cannot send/recv

[Parent 29937, Main Thread] WARNING: FileDescriptorSet destroyed with unconsumed descriptors: file /build/firefox-jw5aie/firefox-80.0.1+build1/ipc/chromium/src/chrome/common/file_descriptor_set_posix.cc, line 19

###!!! [Parent][MessageChannel] Error: (msgtype=0x390037,name=PContent::Msg_UpdateSharedData) Channel error: cannot send/recv

[Parent 29937, Main Thread] WARNING: FileDescriptorSet destroyed with unconsumed descriptors: file /build/firefox-jw5aie/firefox-80.0.1+build1/ipc/chromium/src/chrome/common/file_descriptor_set_posix.cc, line 19

###!!! [Parent][MessageChannel] Error: (msgtype=0x390025,name=PContent::Msg_PreferenceUpdate) Channel error: cannot send/recv


###!!! [Parent][MessageChannel] Error: (msgtype=0x390025,name=PContent::Msg_PreferenceUpdate) Channel error: cannot send/recv


###!!! [Parent][MessageChannel] Error: (msgtype=0x390025,name=PContent::Msg_PreferenceUpdate) Channel error: cannot send/recv


###!!! [Parent][MessageChannel] Error: (msgtype=0x390025,name=PContent::Msg_PreferenceUpdate) Channel error: cannot send/recv


###!!! [Parent][MessageChannel] Error: (msgtype=0x390025,name=PContent::Msg_PreferenceUpdate) Channel error: cannot send/recv


###!!! [Parent][MessageChannel] Error: (msgtype=0x390025,name=PContent::Msg_PreferenceUpdate) Channel error: cannot send/recv


###!!! [Parent][MessageChannel] Error: (msgtype=0x390025,name=PContent::Msg_PreferenceUpdate) Channel error: cannot send/recv


###!!! [Parent][MessageChannel] Error: (msgtype=0x390025,name=PContent::Msg_PreferenceUpdate) Channel error: cannot send/recv


###!!! [Parent][MessageChannel] Error: (msgtype=0x390025,name=PContent::Msg_PreferenceUpdate) Channel error: cannot send/recv


###!!! [Parent][MessageChannel] Error: (msgtype=0x390025,name=PContent::Msg_PreferenceUpdate) Channel error: cannot send/recv


###!!! [Parent][MessageChannel] Error: (msgtype=0x390025,name=PContent::Msg_PreferenceUpdate) Channel error: cannot send/recv


###!!! [Parent][MessageChannel] Error: (msgtype=0x390025,name=PContent::Msg_PreferenceUpdate) Channel error: cannot send/recv


###!!! [Parent][MessageChannel] Error: (msgtype=0x390025,name=PContent::Msg_PreferenceUpdate) Channel error: cannot send/recv


###!!! [Parent][MessageChannel] Error: (msgtype=0x390025,name=PContent::Msg_PreferenceUpdate) Channel error: cannot send/recv


###!!! [Parent][MessageChannel] Error: (msgtype=0x390025,name=PContent::Msg_PreferenceUpdate) Channel error: cannot send/recv


###!!! [Parent][MessageChannel] Error: (msgtype=0x390025,name=PContent::Msg_PreferenceUpdate) Channel error: cannot send/recv


###!!! [Parent][MessageChannel] Error: (msgtype=0x390025,name=PContent::Msg_PreferenceUpdate) Channel error: cannot send/recv


###!!! [Parent][MessageChannel] Error: (msgtype=0x390025,name=PContent::Msg_PreferenceUpdate) Channel error: cannot send/recv


###!!! [Parent][MessageChannel] Error: (msgtype=0x390025,name=PContent::Msg_PreferenceUpdate) Channel error: cannot send/recv


###!!! [Parent][MessageChannel] Error: (msgtype=0x390025,name=PContent::Msg_PreferenceUpdate) Channel error: cannot send/recv


###!!! [Parent][MessageChannel] Error: (msgtype=0x390025,name=PContent::Msg_PreferenceUpdate) Channel error: cannot send/recv


###!!! [Parent][MessageChannel] Error: (msgtype=0x390025,name=PContent::Msg_PreferenceUpdate) Channel error: cannot send/recv


###!!! [Parent][MessageChannel] Error: (msgtype=0x210054,name=PBrowser::Msg_UpdateEffects) Channel error: cannot send/recv

A content process crashed and MOZ_CRASHREPORTER_SHUTDOWN is set, shutting down

###!!! [Parent][MessageChannel] Error: (msgtype=0x21004D,name=PBrowser::Msg_FlushTabState) Channel error: cannot send/recv


###!!! [Parent][MessageChannel] Error: (msgtype=0x210001,name=PBrowser::Msg_AsyncMessage) Channel error: cannot send/recv


###!!! [Parent][MessageChannel] Error: (msgtype=0x39013A,name=PContent::Msg_AsyncMessage) Channel error: cannot send/recv


###!!! [Parent][MessageChannel] Error: (msgtype=0x39013A,name=PContent::Msg_AsyncMessage) Channel error: cannot send/recv


###!!! [Parent][MessageChannel] Error: (msgtype=0x39013A,name=PContent::Msg_AsyncMessage) Channel error: cannot send/recv


###!!! [Parent][MessageChannel] Error: (msgtype=0x39013A,name=PContent::Msg_AsyncMessage) Channel error: cannot send/recv


###!!! [Parent][MessageChannel] Error: (msgtype=0x39013A,name=PContent::Msg_AsyncMessage) Channel error: cannot send/recv


###!!! [Parent][MessageChannel] Error: (msgtype=0x39001D,name=PContent::Msg_RegisterChromeItem) Channel error: cannot send/recv


###!!! [Parent][MessageChannel] Error: (msgtype=0x39013A,name=PContent::Msg_AsyncMessage) Channel error: cannot send/recv


###!!! [Parent][MessageChannel] Error: (msgtype=0x39013A,name=PContent::Msg_AsyncMessage) Channel error: cannot send/recv


###!!! [Parent][MessageChannel] Error: (msgtype=0x39013A,name=PContent::Msg_AsyncMessage) Channel error: cannot send/recv


###!!! [Parent][MessageChannel] Error: (msgtype=0x39013A,name=PContent::Msg_AsyncMessage) Channel error: cannot send/recv


###!!! [Parent][MessageChannel] Error: (msgtype=0x39013A,name=PContent::Msg_AsyncMessage) Channel error: cannot send/recv

[Parent 29937, Main Thread] WARNING: FileDescriptorSet destroyed with unconsumed descriptors: file /build/firefox-jw5aie/firefox-80.0.1+build1/ipc/chromium/src/chrome/common/file_descriptor_set_posix.cc, line 19
[Parent 29937, Main Thread] WARNING: FileDescriptorSet destroyed with unconsumed descriptors: file /build/firefox-jw5aie/firefox-80.0.1+build1/ipc/chromium/src/chrome/common/file_descriptor_set_posix.cc, line 19
[Parent 29937, Main Thread] WARNING: FileDescriptorSet destroyed with unconsumed descriptors: file /build/firefox-jw5aie/firefox-80.0.1+build1/ipc/chromium/src/chrome/common/file_descriptor_set_posix.cc, line 19
A content process crashed and MOZ_CRASHREPORTER_SHUTDOWN is set, shutting down
console.error: SearchCache: "_readCacheFile: Error reading cache file:" (new Error("", "(unknown module)"))
Exiting due to channel error.
A content process crashed and MOZ_CRASHREPORTER_SHUTDOWN is set, shutting down
console.error: Region.jsm: "Error fetching region" (new TypeError("NetworkError when attempting to fetch resource.", "resource://gre/modules/Region.jsm", 672))
console.error: Region.jsm: "Failed to fetch region" (new Error("NO_RESULT", "resource://gre/modules/Region.jsm", 343))
console.log: "RemoteSettingsWorker error: AbortError: IndexedDB:  execute() A request was aborted, for example through a call to IDBTransaction.abort."
console.error: "Could not load engine google@search.mozilla.org: [Exception... \"AddonManager is not initialized\"  nsresult: \"0xc1f30001 (NS_ERROR_NOT_INITIALIZED)\"  location: \"JS frame :: resource://gre/modules/AddonManager.jsm :: installBuiltinAddon :: line 2529\"  data: no]"
console.error: "Could not load engine amazondotcom@search.mozilla.org: [Exception... \"AddonManager is not initialized\"  nsresult: \"0xc1f30001 (NS_ERROR_NOT_INITIALIZED)\"  location: \"JS frame :: resource://gre/modules/AddonManager.jsm :: installBuiltinAddon :: line 2529\"  data: no]"
console.error: "Could not load engine ddg@search.mozilla.org: [Exception... \"AddonManager is not initialized\"  nsresult: \"0xc1f30001 (NS_ERROR_NOT_INITIALIZED)\"  location: \"JS frame :: resource://gre/modules/AddonManager.jsm :: installBuiltinAddon :: line 2529\"  data: no]"
console.error: "Could not load engine bing@search.mozilla.org: [Exception... \"AddonManager is not initialized\"  nsresult: \"0xc1f30001 (NS_ERROR_NOT_INITIALIZED)\"  location: \"JS frame :: resource://gre/modules/AddonManager.jsm :: installBuiltinAddon :: line 2529\"  data: no]"
console.error: "Could not load engine wikipedia@search.mozilla.org: [Exception... \"AddonManager is not initialized\"  nsresult: \"0xc1f30001 (NS_ERROR_NOT_INITIALIZED)\"  location: \"JS frame :: resource://gre/modules/AddonManager.jsm :: installBuiltinAddon :: line 2529\"  data: no]"
console.warn: SearchService: "_init: abandoning init due to shutting down"
JavaScript error: resource://gre/modules/AsyncShutdown.jsm, line 554: uncaught exception: 2147500036
